0 info it worked if it ends with ok
1 verbose cli [ 'C:\\Program Files\\nodejs\\\\node.exe',
1 verbose cli   'C:\\Program Files\\nodejs\\node_modules\\npm\\bin\\npm-cli.js',
1 verbose cli   'install' ]
2 info using npm@1.4.28
3 info using node@v0.10.32
4 verbose node symlink C:\Program Files\nodejs\\node.exe
5 verbose readDependencies using package.json deps
6 verbose install where, deps [ 'C:\\chaitanya\\raja\\myshop\\shop_app',
6 verbose install   [ 'express',
6 verbose install     'bower',
6 verbose install     'http-server',
6 verbose install     'jasmine-core',
6 verbose install     'karma',
6 verbose install     'karma-chrome-launcher',
6 verbose install     'karma-firefox-launcher',
6 verbose install     'karma-jasmine',
6 verbose install     'karma-junit-reporter',
6 verbose install     'protractor',
6 verbose install     'shelljs',
6 verbose install     'grunt',
6 verbose install     'grunt-cli',
6 verbose install     'grunt-html2js',
6 verbose install     'grunt-contrib-uglify',
6 verbose install     'grunt-contrib-clean',
6 verbose install     'grunt-contrib-connect',
6 verbose install     'grunt-contrib-compress',
6 verbose install     'grunt-contrib-concat',
6 verbose install     'grunt-contrib-jshint',
6 verbose install     'grunt-contrib-watch',
6 verbose install     'grunt-contrib-qunit',
6 verbose install     'grunt-bower-task',
6 verbose install     'grunt-karma',
6 verbose install     'karma-ng-html2js-preprocessor' ] ]
7 info preinstall shop_app@0.0.0
8 verbose readDependencies using package.json deps
9 verbose already installed skipping express@^4.4.3 C:\chaitanya\raja\myshop\shop_app
10 verbose already installed skipping bower@^1.3.1 C:\chaitanya\raja\myshop\shop_app
11 verbose already installed skipping http-server@^0.6.1 C:\chaitanya\raja\myshop\shop_app
12 verbose already installed skipping jasmine-core@^2.3.4 C:\chaitanya\raja\myshop\shop_app
13 verbose already installed skipping karma@~0.12 C:\chaitanya\raja\myshop\shop_app
14 verbose already installed skipping karma-chrome-launcher@^0.1.12 C:\chaitanya\raja\myshop\shop_app
15 verbose already installed skipping karma-firefox-launcher@^0.1.6 C:\chaitanya\raja\myshop\shop_app
16 verbose already installed skipping karma-jasmine@^0.3.5 C:\chaitanya\raja\myshop\shop_app
17 verbose already installed skipping karma-junit-reporter@^0.2.2 C:\chaitanya\raja\myshop\shop_app
18 verbose already installed skipping protractor@^2.1.0 C:\chaitanya\raja\myshop\shop_app
19 verbose already installed skipping shelljs@^0.2.6 C:\chaitanya\raja\myshop\shop_app
20 verbose already installed skipping grunt@~0.4.5 C:\chaitanya\raja\myshop\shop_app
21 verbose already installed skipping grunt-cli@~0.1.13 C:\chaitanya\raja\myshop\shop_app
22 verbose already installed skipping grunt-html2js@~0.2.7 C:\chaitanya\raja\myshop\shop_app
23 verbose already installed skipping grunt-contrib-uglify@~0.5.0 C:\chaitanya\raja\myshop\shop_app
24 verbose already installed skipping grunt-contrib-clean@~0.5.0 C:\chaitanya\raja\myshop\shop_app
25 verbose already installed skipping grunt-contrib-connect@~0.8.0 C:\chaitanya\raja\myshop\shop_app
26 verbose already installed skipping grunt-contrib-compress@~0.9.1 C:\chaitanya\raja\myshop\shop_app
27 verbose already installed skipping grunt-contrib-concat@~0.4.0 C:\chaitanya\raja\myshop\shop_app
28 verbose already installed skipping grunt-contrib-jshint@~0.10.0 C:\chaitanya\raja\myshop\shop_app
29 verbose already installed skipping grunt-contrib-watch@~0.6.1 C:\chaitanya\raja\myshop\shop_app
30 verbose already installed skipping grunt-contrib-qunit@~0.4.0 C:\chaitanya\raja\myshop\shop_app
31 verbose already installed skipping grunt-bower-task@~0.3.4 C:\chaitanya\raja\myshop\shop_app
32 verbose already installed skipping grunt-karma@~0.8.0 C:\chaitanya\raja\myshop\shop_app
33 verbose already installed skipping karma-ng-html2js-preprocessor@~0.1.0 C:\chaitanya\raja\myshop\shop_app
34 silly resolved []
35 info build C:\chaitanya\raja\myshop\shop_app
36 verbose linkStuff [ false, false, false, 'C:\\chaitanya\\raja\\myshop' ]
37 info linkStuff shop_app@0.0.0
38 verbose linkBins shop_app@0.0.0
39 verbose linkMans shop_app@0.0.0
40 verbose rebuildBundles shop_app@0.0.0
41 verbose rebuildBundles [ '.bin',
41 verbose rebuildBundles   'bower',
41 verbose rebuildBundles   'express',
41 verbose rebuildBundles   'grunt',
41 verbose rebuildBundles   'grunt-bower-task',
41 verbose rebuildBundles   'grunt-cli',
41 verbose rebuildBundles   'grunt-contrib-clean',
41 verbose rebuildBundles   'grunt-contrib-compress',
41 verbose rebuildBundles   'grunt-contrib-concat',
41 verbose rebuildBundles   'grunt-contrib-connect',
41 verbose rebuildBundles   'grunt-contrib-jshint',
41 verbose rebuildBundles   'grunt-contrib-qunit',
41 verbose rebuildBundles   'grunt-contrib-uglify',
41 verbose rebuildBundles   'grunt-contrib-watch',
41 verbose rebuildBundles   'grunt-html2js',
41 verbose rebuildBundles   'grunt-karma',
41 verbose rebuildBundles   'http-server',
41 verbose rebuildBundles   'jasmine-core',
41 verbose rebuildBundles   'karma',
41 verbose rebuildBundles   'karma-chrome-launcher',
41 verbose rebuildBundles   'karma-firefox-launcher',
41 verbose rebuildBundles   'karma-jasmine',
41 verbose rebuildBundles   'karma-junit-reporter',
41 verbose rebuildBundles   'karma-ng-html2js-preprocessor',
41 verbose rebuildBundles   'protractor',
41 verbose rebuildBundles   'shelljs' ]
42 info install shop_app@0.0.0
43 info postinstall shop_app@0.0.0
44 verbose unsafe-perm in lifecycle true
45 info shop_app@0.0.0 Failed to exec postinstall script
46 error shop_app@0.0.0 postinstall: `bower install`
46 error Exit status 1
47 error Failed at the shop_app@0.0.0 postinstall script.
47 error This is most likely a problem with the shop_app package,
47 error not with npm itself.
47 error Tell the author that this fails on your system:
47 error     bower install
47 error You can get their info via:
47 error     npm owner ls shop_app
47 error There is likely additional logging output above.
48 error System Windows_NT 6.1.7601
49 error command "C:\\Program Files\\nodejs\\\\node.exe" "C:\\Program Files\\nodejs\\node_modules\\npm\\bin\\npm-cli.js" "install"
50 error cwd C:\chaitanya\raja\myshop\shop_app
51 error node -v v0.10.32
52 error npm -v 1.4.28
53 error code ELIFECYCLE
54 verbose exit [ 1, true ]
